0 info it worked if it ends with ok
1 verbose cli [ 'C:\\Program Files (x86)\\nodejs\\node.exe',
1 verbose cli   'C:\\Users\\Zie\\AppData\\Roaming\\npm\\node_modules\\npm\\bin\\npm-cli.js',
1 verbose cli   's' ]
2 info using npm@3.10.9
3 info using node@v4.4.2
4 verbose stack Error: search must be called with arguments
4 verbose stack     at EventEmitter.search (C:\Users\Zie\AppData\Roaming\npm\node_modules\npm\lib\search.js:57:15)
4 verbose stack     at Object.commandCache.(anonymous function) (C:\Users\Zie\AppData\Roaming\npm\node_modules\npm\lib\npm.js:124:13)
4 verbose stack     at EventEmitter.<anonymous> (C:\Users\Zie\AppData\Roaming\npm\node_modules\npm\bin\npm-cli.js:73:30)
4 verbose stack     at nextTickCallbackWith0Args (node.js:420:9)
4 verbose stack     at process._tickCallback (node.js:349:13)
5 verbose cwd E:\laragon\www\ziang2
6 error Windows_NT 6.1.7601
7 error argv "C:\\Program Files (x86)\\nodejs\\node.exe" "C:\\Users\\Zie\\AppData\\Roaming\\npm\\node_modules\\npm\\bin\\npm-cli.js" "s"
8 error node v4.4.2
9 error npm  v3.10.9
10 error search must be called with arguments
11 error If you need help, you may report this error at:
11 error     <https://github.com/npm/npm/issues>
12 verbose exit [ 1, true ]
